<?xml version="1.0" encoding="UTF-8"?>
<!-- Generated by org.testng.reporters.JUnitReportReporter -->
<testsuite hostname="naveen" name="com.demo.checkradio.AppTest" tests="1" failures="0" timestamp="16 Jan 2019 11:42:20 GMT" time="0.016" errors="0">
  <testcase name="testApp" time="0.016" classname="com.demo.checkradio.AppTest"/>
</testsuite> <!-- com.demo.checkradio.AppTest -->
